c:\users\harry\desktop\infinite mode\release\vc142.pdb
c:\users\harry\desktop\infinite mode\release\vec4.obj
c:\users\harry\desktop\infinite mode\release\vec3.obj
c:\users\harry\desktop\infinite mode\release\vec2.obj
c:\users\harry\desktop\infinite mode\release\utility.obj
c:\users\harry\desktop\infinite mode\release\ray2.obj
c:\users\harry\desktop\infinite mode\release\quaternion.obj
c:\users\harry\desktop\infinite mode\release\plane.obj
c:\users\harry\desktop\infinite mode\release\neon_matrix_impl.obj
c:\users\harry\desktop\infinite mode\release\mat4.obj
c:\users\harry\desktop\infinite mode\release\mat3.obj
c:\users\harry\desktop\infinite mode\release\matrix.obj
c:\users\harry\desktop\infinite mode\release\mat4stack.obj
c:\users\harry\desktop\infinite mode\release\aabb.obj
c:\users\harry\desktop\infinite mode\release\ccfpsimages.obj
c:\users\harry\desktop\infinite mode\release\pch.obj
c:\users\harry\desktop\infinite mode\release\main.obj
c:\users\harry\desktop\infinite mode\release\dllmain.obj
c:\users\harry\desktop\infinite mode\release\ccmenuitemspriteextra.obj
c:\users\harry\desktop\infinite mode\release\infinite mode.ipdb
c:\users\harry\desktop\infinite mode\release\infinite mode.iobj
c:\users\harry\desktop\infinite mode\release\infinite mode.dll
c:\users\harry\desktop\infinite mode\release\infinite mode.pdb
c:\users\harry\desktop\infinite mode\release\infinite mode.tlog\cl.command.1.tlog
c:\users\harry\desktop\infinite mode\release\infinite mode.tlog\cl.read.1.tlog
c:\users\harry\desktop\infinite mode\release\infinite mode.tlog\cl.write.1.tlog
c:\users\harry\desktop\infinite mode\release\infinite mode.tlog\infinite mode.write.1u.tlog
c:\users\harry\desktop\infinite mode\release\infinite mode.tlog\link.command.1.tlog
c:\users\harry\desktop\infinite mode\release\infinite mode.tlog\link.read.1.tlog
c:\users\harry\desktop\infinite mode\release\infinite mode.tlog\link.write.1.tlog
